# JRE version: Java(TM) SE Runtime Environment (8.0_321-b07) (build 1.8.0_321-b07)
# Java VM: Java HotSpot(TM) 64-Bit Server VM (25.321-b07 mixed mode windows-amd64 compressed oops)
Heap:
 PSYoungGen      total 1202688K, used 311923K [0x000000076ab00000, 0x00000007c0000000, 0x00000007c0000000)
  eden space 1141248K, 22% used [0x000000076ab00000,0x000000077a7f8f48,0x00000007b0580000)
  from space 61440K, 86% used [0x00000007b0580000,0x00000007b3923ff0,0x00000007b4180000)
  to   space 66560K, 0% used [0x00000007bbf00000,0x00000007bbf00000,0x00000007c0000000)
 ParOldGen       total 359424K, used 166970K [0x00000006c0000000, 0x00000006d5f00000, 0x000000076ab00000)
  object space 359424K, 46% used [0x00000006c0000000,0x00000006ca30eb50,0x00000006d5f00000)
 Metaspace       used 48231K, capacity 48733K, committed 49368K, reserved 1091584K
  class space    used 6619K, capacity 6789K, committed 6912K, reserved 1048576K
GC Heap History (10 events):
Event: 10.918 GC heap before
{Heap before GC invocations=14 (full 2):
 PSYoungGen      total 766464K, used 739370K [0x000000076ab00000, 0x00000007ab000000, 0x00000007c0000000)
  eden space 702464K, 100% used [0x000000076ab00000,0x0000000795900000,0x0000000795900000)
  from space 64000K, 57% used [0x0000000795900000,0x0000000797d0aad8,0x0000000799780000)
  to   space 63488K, 0% used [0x00000007a7200000,0x00000007a7200000,0x00000007ab000000)
 ParOldGen       total 289280K, used 151014K [0x00000006c0000000, 0x00000006d1a80000, 0x000000076ab00000)
  object space 289280K, 52% used [0x00000006c0000000,0x00000006c9379b88,0x00000006d1a80000)
 Metaspace       used 35415K, capacity 35821K, committed 36352K, reserved 1081344K
  class space    used 4704K, capacity 4847K, committed 4864K, reserved 1048576K
Event: 10.939 GC heap after
Heap after GC invocations=14 (full 2):
 PSYoungGen      total 955392K, used 23567K [0x000000076ab00000, 0x00000007a9d00000, 0x00000007c0000000)
  eden space 911360K, 0% used [0x000000076ab00000,0x000000076ab00000,0x00000007a2500000)
  from space 44032K, 53% used [0x00000007a7200000,0x00000007a8903df8,0x00000007a9d00000)
  to   space 61440K, 0% used [0x00000007a2500000,0x00000007a2500000,0x00000007a6100000)
 ParOldGen       total 289280K, used 176344K [0x00000006c0000000, 0x00000006d1a80000, 0x000000076ab00000)
  object space 289280K, 60% used [0x00000006c0000000,0x00000006cac363a0,0x00000006d1a80000)
 Metaspace       used 35415K, capacity 35821K, committed 36352K, reserved 1081344K
  class space    used 4704K, capacity 4847K, committed 4864K, reserved 1048576K
}
Event: 12.799 GC heap before
{Heap before GC invocations=15 (full 2):
 PSYoungGen      total 955392K, used 934927K [0x000000076ab00000, 0x00000007a9d00000, 0x00000007c0000000)
  eden space 911360K, 100% used [0x000000076ab00000,0x00000007a2500000,0x00000007a2500000)
  from space 44032K, 53% used [0x00000007a7200000,0x00000007a8903df8,0x00000007a9d00000)
  to   space 61440K, 0% used [0x00000007a2500000,0x00000007a2500000,0x00000007a6100000)
 ParOldGen       total 289280K, used 176344K [0x00000006c0000000, 0x00000006d1a80000, 0x000000076ab00000)
  object space 289280K, 60% used [0x00000006c0000000,0x00000006cac363a0,0x00000006d1a80000)
 Metaspace       used 40893K, capacity 41261K, committed 41728K, reserved 1085440K
  class space    used 5504K, capacity 5629K, committed 5632K, reserved 1048576K
Event: 12.819 GC heap after
Heap after GC invocations=15 (full 2):
 PSYoungGen      total 972800K, used 31047K [0x000000076ab00000, 0x00000007b8680000, 0x00000007c0000000)
  eden space 911360K, 0% used [0x000000076ab00000,0x000000076ab00000,0x00000007a2500000)
  from space 61440K, 50% used [0x00000007a2500000,0x00000007a4351cd0,0x00000007a6100000)
  to   space 58880K, 0% used [0x00000007b4d00000,0x00000007b4d00000,0x00000007b8680000)
 ParOldGen       total 289280K, used 193246K [0x00000006c0000000, 0x00000006d1a80000, 0x000000076ab00000)
  object space 289280K, 66% used [0x00000006c0000000,0x00000006cbcb7a60,0x00000006d1a80000)
 Metaspace       used 40893K, capacity 41261K, committed 41728K, reserved 1085440K
  class space    used 5504K, capacity 5629K, committed 5632K, reserved 1048576K
}
Event: 14.312 GC heap before
{Heap before GC invocations=16 (full 2):
 PSYoungGen      total 972800K, used 893412K [0x000000076ab00000, 0x00000007b8680000, 0x00000007c0000000)
  eden space 911360K, 94% used [0x000000076ab00000,0x000000079f5273a0,0x00000007a2500000)
  from space 61440K, 50% used [0x00000007a2500000,0x00000007a4351cd0,0x00000007a6100000)
  to   space 58880K, 0% used [0x00000007b4d00000,0x00000007b4d00000,0x00000007b8680000)
 ParOldGen       total 289280K, used 193246K [0x00000006c0000000, 0x00000006d1a80000, 0x000000076ab00000)
  object space 289280K, 66% used [0x00000006c0000000,0x00000006cbcb7a60,0x00000006d1a80000)
 Metaspace       used 45901K, capacity 46315K, committed 46936K, reserved 1089536K
  class space    used 6367K, capacity 6498K, committed 6528K, reserved 1048576K
Event: 14.337 GC heap after
Heap after GC invocations=16 (full 2):
 PSYoungGen      total 1190912K, used 45372K [0x000000076ab00000, 0x00000007b7d80000, 0x00000007c0000000)
  eden space 1141248K, 0% used [0x000000076ab00000,0x000000076ab00000,0x00000007b0580000)
  from space 49664K, 91% used [0x00000007b4d00000,0x00000007b794f280,0x00000007b7d80000)
  to   space 61440K, 0% used [0x00000007b0580000,0x00000007b0580000,0x00000007b4180000)
 ParOldGen       total 289280K, used 193254K [0x00000006c0000000, 0x00000006d1a80000, 0x000000076ab00000)
  object space 289280K, 66% used [0x00000006c0000000,0x00000006cbcb9a60,0x00000006d1a80000)
 Metaspace       used 45901K, capacity 46315K, committed 46936K, reserved 1089536K
  class space    used 6367K, capacity 6498K, committed 6528K, reserved 1048576K
}
Event: 14.337 GC heap before
{Heap before GC invocations=17 (full 3):
 PSYoungGen      total 1190912K, used 45372K [0x000000076ab00000, 0x00000007b7d80000, 0x00000007c0000000)
  eden space 1141248K, 0% used [0x000000076ab00000,0x000000076ab00000,0x00000007b0580000)
  from space 49664K, 91% used [0x00000007b4d00000,0x00000007b794f280,0x00000007b7d80000)
  to   space 61440K, 0% used [0x00000007b0580000,0x00000007b0580000,0x00000007b4180000)
 ParOldGen       total 289280K, used 193254K [0x00000006c0000000, 0x00000006d1a80000, 0x000000076ab00000)
  object space 289280K, 66% used [0x00000006c0000000,0x00000006cbcb9a60,0x00000006d1a80000)
 Metaspace       used 45901K, capacity 46315K, committed 46936K, reserved 1089536K
  class space    used 6367K, capacity 6498K, committed 6528K, reserved 1048576K
Event: 14.604 GC heap after
Heap after GC invocations=17 (full 3):
 PSYoungGen      total 1190912K, used 0K [0x000000076ab00000, 0x00000007b7d80000, 0x00000007c0000000)
  eden space 1141248K, 0% used [0x000000076ab00000,0x000000076ab00000,0x00000007b0580000)
  from space 49664K, 0% used [0x00000007b4d00000,0x00000007b4d00000,0x00000007b7d80000)
  to   space 61440K, 0% used [0x00000007b0580000,0x00000007b0580000,0x00000007b4180000)
 ParOldGen       total 359424K, used 166962K [0x00000006c0000000, 0x00000006d5f00000, 0x000000076ab00000)
  object space 359424K, 46% used [0x00000006c0000000,0x00000006ca30cb50,0x00000006d5f00000)
 Metaspace       used 45901K, capacity 46315K, committed 46936K, reserved 1089536K
  class space    used 6367K, capacity 6498K, committed 6528K, reserved 1048576K
}
Event: 19.584 GC heap before
{Heap before GC invocations=18 (full 3):
 PSYoungGen      total 1190912K, used 1141248K [0x000000076ab00000, 0x00000007b7d80000, 0x00000007c0000000)
  eden space 1141248K, 100% used [0x000000076ab00000,0x00000007b0580000,0x00000007b0580000)
  from space 49664K, 0% used [0x00000007b4d00000,0x00000007b4d00000,0x00000007b7d80000)
  to   space 61440K, 0% used [0x00000007b0580000,0x00000007b0580000,0x00000007b4180000)
 ParOldGen       total 359424K, used 166962K [0x00000006c0000000, 0x00000006d5f00000, 0x000000076ab00000)
  object space 359424K, 46% used [0x00000006c0000000,0x00000006ca30cb50,0x00000006d5f00000)
 Metaspace       used 46603K, capacity 47057K, committed 47576K, reserved 1089536K
  class space    used 6408K, capacity 6595K, committed 6656K, reserved 1048576K
Event: 19.606 GC heap after
Heap after GC invocations=18 (full 3):
 PSYoungGen      total 1202688K, used 52879K [0x000000076ab00000, 0x00000007c0000000, 0x00000007c0000000)
  eden space 1141248K, 0% used [0x000000076ab00000,0x000000076ab00000,0x00000007b0580000)
  from space 61440K, 86% used [0x00000007b0580000,0x00000007b3923ff0,0x00000007b4180000)
  to   space 66560K, 0% used [0x00000007bbf00000,0x00000007bbf00000,0x00000007c0000000)
 ParOldGen       total 359424K, used 166970K [0x00000006c0000000, 0x00000006d5f00000, 0x000000076ab00000)
  object space 359424K, 46% used [0x00000006c0000000,0x00000006ca30eb50,0x00000006d5f00000)
 Metaspace       used 46603K, capacity 47057K, committed 47576K, reserved 1089536K
  class space    used 6408K, capacity 6595K, committed 6656K, reserved 1048576K
}

