# JRE version: Java(TM) SE Runtime Environment (8.0_144-b01) (build 1.8.0_144-b01)
# Java VM: Java HotSpot(TM) Client VM (25.144-b01 mixed mode windows-x86 )
Heap:
 def new generation   total 314560K, used 15321K [0x04600000, 0x19b50000, 0x19b50000)
  eden space 279616K,   5% used [0x04600000, 0x054f67d8, 0x15710000)
  from space 34944K,   0% used [0x15710000, 0x15710000, 0x17930000)
  to   space 34944K,   0% used [0x17930000, 0x17930000, 0x19b50000)
 tenured generation   total 699072K, used 488192K [0x19b50000, 0x44600000, 0x44600000)
   the space 699072K,  69% used [0x19b50000, 0x37810180, 0x37810200, 0x44600000)
 Metaspace       used 39413K, capacity 39731K, committed 39936K, reserved 40320K
GC Heap History (10 events):
Event: 6825.371 GC heap before
{Heap before GC invocations=2274 (full 111):
 def new generation   total 314560K, used 297866K [0x04600000, 0x19b50000, 0x19b50000)
  eden space 279616K, 100% used [0x04600000, 0x15710000, 0x15710000)
  from space 34944K,  52% used [0x15710000, 0x168e2818, 0x17930000)
  to   space 34944K,   0% used [0x17930000, 0x17930000, 0x19b50000)
 tenured generation   total 699072K, used 630559K [0x19b50000, 0x44600000, 0x44600000)
   the space 699072K,  90% used [0x19b50000, 0x40317ff8, 0x40318000, 0x44600000)
 Metaspace       used 39395K, capacity 39731K, committed 39936K, reserved 40320K
Event: 6825.400 GC heap after
Heap after GC invocations=2275 (full 111):
 def new generation   total 314560K, used 16038K [0x04600000, 0x19b50000, 0x19b50000)
  eden space 279616K,   0% used [0x04600000, 0x04600000, 0x15710000)
  from space 34944K,  45% used [0x17930000, 0x188d9918, 0x19b50000)
  to   space 34944K,   0% used [0x15710000, 0x15710000, 0x17930000)
 tenured generation   total 699072K, used 634254K [0x19b50000, 0x44600000, 0x44600000)
   the space 699072K,  90% used [0x19b50000, 0x406b38c8, 0x406b3a00, 0x44600000)
 Metaspace       used 39395K, capacity 39731K, committed 39936K, reserved 40320K
}
Event: 6829.601 GC heap before
{Heap before GC invocations=2275 (full 111):
 def new generation   total 314560K, used 295654K [0x04600000, 0x19b50000, 0x19b50000)
  eden space 279616K, 100% used [0x04600000, 0x15710000, 0x15710000)
  from space 34944K,  45% used [0x17930000, 0x188d9918, 0x19b50000)
  to   space 34944K,   0% used [0x15710000, 0x15710000, 0x17930000)
 tenured generation   total 699072K, used 634254K [0x19b50000, 0x44600000, 0x44600000)
   the space 699072K,  90% used [0x19b50000, 0x406b38c8, 0x406b3a00, 0x44600000)
 Metaspace       used 39395K, capacity 39731K, committed 39936K, reserved 40320K
Event: 6829.676 GC heap after
Heap after GC invocations=2276 (full 111):
 def new generation   total 314560K, used 34944K [0x04600000, 0x19b50000, 0x19b50000)
  eden space 279616K,   0% used [0x04600000, 0x04600000, 0x15710000)
  from space 34944K, 100% used [0x15710000, 0x17930000, 0x17930000)
  to   space 34944K,   0% used [0x17930000, 0x17930000, 0x19b50000)
 tenured generation   total 699072K, used 634269K [0x19b50000, 0x44600000, 0x44600000)
   the space 699072K,  90% used [0x19b50000, 0x406b75e0, 0x406b7600, 0x44600000)
 Metaspace       used 39395K, capacity 39731K, committed 39936K, reserved 40320K
}
Event: 6834.449 GC heap before
{Heap before GC invocations=2276 (full 111):
 def new generation   total 314560K, used 314546K [0x04600000, 0x19b50000, 0x19b50000)
  eden space 279616K,  99% used [0x04600000, 0x1570c9f8, 0x15710000)
  from space 34944K, 100% used [0x15710000, 0x17930000, 0x17930000)
  to   space 34944K,   0% used [0x17930000, 0x17930000, 0x19b50000)
 tenured generation   total 699072K, used 634269K [0x19b50000, 0x44600000, 0x44600000)
   the space 699072K,  90% used [0x19b50000, 0x406b75e0, 0x406b7600, 0x44600000)
 Metaspace       used 39395K, capacity 39731K, committed 39936K, reserved 40320K
Event: 6834.542 GC heap after
Heap after GC invocations=2277 (full 111):
 def new generation   total 314560K, used 28771K [0x04600000, 0x19b50000, 0x19b50000)
  eden space 279616K,   0% used [0x04600000, 0x04600000, 0x15710000)
  from space 34944K,  82% used [0x17930000, 0x19548fa8, 0x19b50000)
  to   space 34944K,   0% used [0x15710000, 0x15710000, 0x17930000)
 tenured generation   total 699072K, used 652188K [0x19b50000, 0x44600000, 0x44600000)
   the space 699072K,  93% used [0x19b50000, 0x41837148, 0x41837200, 0x44600000)
 Metaspace       used 39395K, capacity 39731K, committed 39936K, reserved 40320K
}
Event: 6838.644 GC heap before
{Heap before GC invocations=2277 (full 111):
 def new generation   total 314560K, used 308387K [0x04600000, 0x19b50000, 0x19b50000)
  eden space 279616K, 100% used [0x04600000, 0x15710000, 0x15710000)
  from space 34944K,  82% used [0x17930000, 0x19548fa8, 0x19b50000)
  to   space 34944K,   0% used [0x15710000, 0x15710000, 0x17930000)
 tenured generation   total 699072K, used 652188K [0x19b50000, 0x44600000, 0x44600000)
   the space 699072K,  93% used [0x19b50000, 0x41837148, 0x41837200, 0x44600000)
 Metaspace       used 39395K, capacity 39731K, committed 39936K, reserved 40320K
Event: 6838.712 GC heap after
Heap after GC invocations=2278 (full 111):
 def new generation   total 314560K, used 15167K [0x04600000, 0x19b50000, 0x19b50000)
  eden space 279616K,   0% used [0x04600000, 0x04600000, 0x15710000)
  from space 34944K,  43% used [0x15710000, 0x165dffc8, 0x17930000)
  to   space 34944K,   0% used [0x17930000, 0x17930000, 0x19b50000)
 tenured generation   total 699072K, used 674656K [0x19b50000, 0x44600000, 0x44600000)
   the space 699072K,  96% used [0x19b50000, 0x42e28128, 0x42e28200, 0x44600000)
 Metaspace       used 39395K, capacity 39731K, committed 39936K, reserved 40320K
}
Event: 6845.364 GC heap before
{Heap before GC invocations=2278 (full 111):
 def new generation   total 314560K, used 212552K [0x04600000, 0x19b50000, 0x19b50000)
  eden space 279616K,  70% used [0x04600000, 0x106c23e8, 0x15710000)
  from space 34944K,  43% used [0x15710000, 0x165dffc8, 0x17930000)
  to   space 34944K,   0% used [0x17930000, 0x17930000, 0x19b50000)
 tenured generation   total 699072K, used 674656K [0x19b50000, 0x44600000, 0x44600000)
   the space 699072K,  96% used [0x19b50000, 0x42e28128, 0x42e28200, 0x44600000)
 Metaspace       used 39413K, capacity 39731K, committed 39936K, reserved 40320K
Event: 6846.139 GC heap after
Heap after GC invocations=2279 (full 112):
 def new generation   total 314560K, used 0K [0x04600000, 0x19b50000, 0x19b50000)
  eden space 279616K,   0% used [0x04600000, 0x04600000, 0x15710000)
  from space 34944K,   0% used [0x15710000, 0x15710000, 0x17930000)
  to   space 34944K,   0% used [0x17930000, 0x17930000, 0x19b50000)
 tenured generation   total 699072K, used 488192K [0x19b50000, 0x44600000, 0x44600000)
   the space 699072K,  69% used [0x19b50000, 0x37810180, 0x37810200, 0x44600000)
 Metaspace       used 39413K, capacity 39731K, committed 39936K, reserved 40320K
}

