# JRE version: Java(TM) SE Runtime Environment (8.0_321-b07) (build 1.8.0_321-b07)
# Java VM: Java HotSpot(TM) 64-Bit Server VM (25.321-b07 mixed mode windows-amd64 compressed oops)
Heap:
 PSYoungGen      total 1171456K, used 335043K [0x000000076ab00000, 0x00000007c0000000, 0x00000007c0000000)
  eden space 1073664K, 26% used [0x000000076ab00000,0x000000077c1a0e40,0x00000007ac380000)
  from space 97792K, 50% used [0x00000007ac380000,0x00000007af40ffc8,0x00000007b2300000)
  to   space 94720K, 0% used [0x00000007ba380000,0x00000007ba380000,0x00000007c0000000)
 ParOldGen       total 426496K, used 166600K [0x00000006c0000000, 0x00000006da080000, 0x000000076ab00000)
  object space 426496K, 39% used [0x00000006c0000000,0x00000006ca2b22c0,0x00000006da080000)
 Metaspace       used 48232K, capacity 48733K, committed 49368K, reserved 1091584K
  class space    used 6617K, capacity 6789K, committed 6912K, reserved 1048576K
GC Heap History (10 events):
Event: 11.016 GC heap before
{Heap before GC invocations=12 (full 2):
 PSYoungGen      total 800768K, used 764881K [0x000000076ab00000, 0x00000007a9e80000, 0x00000007c0000000)
  eden space 727040K, 100% used [0x000000076ab00000,0x0000000797100000,0x0000000797100000)
  from space 73728K, 51% used [0x0000000797100000,0x00000007995f4698,0x000000079b900000)
  to   space 71680K, 0% used [0x00000007a5880000,0x00000007a5880000,0x00000007a9e80000)
 ParOldGen       total 356864K, used 151733K [0x00000006c0000000, 0x00000006d5c80000, 0x000000076ab00000)
  object space 356864K, 42% used [0x00000006c0000000,0x00000006c942d458,0x00000006d5c80000)
 Metaspace       used 35569K, capacity 36013K, committed 36352K, reserved 1081344K
  class space    used 4723K, capacity 4847K, committed 4864K, reserved 1048576K
Event: 11.039 GC heap after
Heap after GC invocations=12 (full 2):
 PSYoungGen      total 962560K, used 48494K [0x000000076ab00000, 0x00000007aa280000, 0x00000007c0000000)
  eden space 890880K, 0% used [0x000000076ab00000,0x000000076ab00000,0x00000007a1100000)
  from space 71680K, 67% used [0x00000007a5880000,0x00000007a87db890,0x00000007a9e80000)
  to   space 73216K, 0% used [0x00000007a1100000,0x00000007a1100000,0x00000007a5880000)
 ParOldGen       total 356864K, used 151741K [0x00000006c0000000, 0x00000006d5c80000, 0x000000076ab00000)
  object space 356864K, 42% used [0x00000006c0000000,0x00000006c942f458,0x00000006d5c80000)
 Metaspace       used 35569K, capacity 36013K, committed 36352K, reserved 1081344K
  class space    used 4723K, capacity 4847K, committed 4864K, reserved 1048576K
}
Event: 12.901 GC heap before
{Heap before GC invocations=13 (full 2):
 PSYoungGen      total 962560K, used 939374K [0x000000076ab00000, 0x00000007aa280000, 0x00000007c0000000)
  eden space 890880K, 100% used [0x000000076ab00000,0x00000007a1100000,0x00000007a1100000)
  from space 71680K, 67% used [0x00000007a5880000,0x00000007a87db890,0x00000007a9e80000)
  to   space 73216K, 0% used [0x00000007a1100000,0x00000007a1100000,0x00000007a5880000)
 ParOldGen       total 356864K, used 151741K [0x00000006c0000000, 0x00000006d5c80000, 0x000000076ab00000)
  object space 356864K, 42% used [0x00000006c0000000,0x00000006c942f458,0x00000006d5c80000)
 Metaspace       used 40974K, capacity 41433K, committed 42112K, reserved 1085440K
  class space    used 5516K, capacity 5663K, committed 5760K, reserved 1048576K
Event: 12.927 GC heap after
Heap after GC invocations=13 (full 2):
 PSYoungGen      total 964096K, used 73201K [0x000000076ab00000, 0x00000007b7500000, 0x00000007c0000000)
  eden space 890880K, 0% used [0x000000076ab00000,0x000000076ab00000,0x00000007a1100000)
  from space 73216K, 99% used [0x00000007a1100000,0x00000007a587c778,0x00000007a5880000)
  to   space 83968K, 0% used [0x00000007b2300000,0x00000007b2300000,0x00000007b7500000)
 ParOldGen       total 356864K, used 151973K [0x00000006c0000000, 0x00000006d5c80000, 0x000000076ab00000)
  object space 356864K, 42% used [0x00000006c0000000,0x00000006c9469500,0x00000006d5c80000)
 Metaspace       used 40974K, capacity 41433K, committed 42112K, reserved 1085440K
  class space    used 5516K, capacity 5663K, committed 5760K, reserved 1048576K
}
Event: 14.287 GC heap before
{Heap before GC invocations=14 (full 2):
 PSYoungGen      total 964096K, used 912946K [0x000000076ab00000, 0x00000007b7500000, 0x00000007c0000000)
  eden space 890880K, 94% used [0x000000076ab00000,0x000000079df100e8,0x00000007a1100000)
  from space 73216K, 99% used [0x00000007a1100000,0x00000007a587c778,0x00000007a5880000)
  to   space 83968K, 0% used [0x00000007b2300000,0x00000007b2300000,0x00000007b7500000)
 ParOldGen       total 356864K, used 151973K [0x00000006c0000000, 0x00000006d5c80000, 0x000000076ab00000)
  object space 356864K, 42% used [0x00000006c0000000,0x00000006c9469500,0x00000006d5c80000)
 Metaspace       used 45952K, capacity 46315K, committed 46936K, reserved 1089536K
  class space    used 6371K, capacity 6498K, committed 6528K, reserved 1048576K
Event: 14.331 GC heap after
Heap after GC invocations=14 (full 2):
 PSYoungGen      total 1157632K, used 83949K [0x000000076ab00000, 0x00000007ba800000, 0x00000007c0000000)
  eden space 1073664K, 0% used [0x000000076ab00000,0x000000076ab00000,0x00000007ac380000)
  from space 83968K, 99% used [0x00000007b2300000,0x00000007b74fb420,0x00000007b7500000)
  to   space 97792K, 0% used [0x00000007ac380000,0x00000007ac380000,0x00000007b2300000)
 ParOldGen       total 356864K, used 155187K [0x00000006c0000000, 0x00000006d5c80000, 0x000000076ab00000)
  object space 356864K, 43% used [0x00000006c0000000,0x00000006c978ccd8,0x00000006d5c80000)
 Metaspace       used 45952K, capacity 46315K, committed 46936K, reserved 1089536K
  class space    used 6371K, capacity 6498K, committed 6528K, reserved 1048576K
}
Event: 14.331 GC heap before
{Heap before GC invocations=15 (full 3):
 PSYoungGen      total 1157632K, used 83949K [0x000000076ab00000, 0x00000007ba800000, 0x00000007c0000000)
  eden space 1073664K, 0% used [0x000000076ab00000,0x000000076ab00000,0x00000007ac380000)
  from space 83968K, 99% used [0x00000007b2300000,0x00000007b74fb420,0x00000007b7500000)
  to   space 97792K, 0% used [0x00000007ac380000,0x00000007ac380000,0x00000007b2300000)
 ParOldGen       total 356864K, used 155187K [0x00000006c0000000, 0x00000006d5c80000, 0x000000076ab00000)
  object space 356864K, 43% used [0x00000006c0000000,0x00000006c978ccd8,0x00000006d5c80000)
 Metaspace       used 45952K, capacity 46315K, committed 46936K, reserved 1089536K
  class space    used 6371K, capacity 6498K, committed 6528K, reserved 1048576K
Event: 14.661 GC heap after
Heap after GC invocations=15 (full 3):
 PSYoungGen      total 1157632K, used 0K [0x000000076ab00000, 0x00000007ba800000, 0x00000007c0000000)
  eden space 1073664K, 0% used [0x000000076ab00000,0x000000076ab00000,0x00000007ac380000)
  from space 83968K, 0% used [0x00000007b2300000,0x00000007b2300000,0x00000007b7500000)
  to   space 97792K, 0% used [0x00000007ac380000,0x00000007ac380000,0x00000007b2300000)
 ParOldGen       total 426496K, used 166592K [0x00000006c0000000, 0x00000006da080000, 0x000000076ab00000)
  object space 426496K, 39% used [0x00000006c0000000,0x00000006ca2b02c0,0x00000006da080000)
 Metaspace       used 45952K, capacity 46315K, committed 46936K, reserved 1089536K
  class space    used 6371K, capacity 6498K, committed 6528K, reserved 1048576K
}
Event: 19.948 GC heap before
{Heap before GC invocations=16 (full 3):
 PSYoungGen      total 1157632K, used 1073664K [0x000000076ab00000, 0x00000007ba800000, 0x00000007c0000000)
  eden space 1073664K, 100% used [0x000000076ab00000,0x00000007ac380000,0x00000007ac380000)
  from space 83968K, 0% used [0x00000007b2300000,0x00000007b2300000,0x00000007b7500000)
  to   space 97792K, 0% used [0x00000007ac380000,0x00000007ac380000,0x00000007b2300000)
 ParOldGen       total 426496K, used 166592K [0x00000006c0000000, 0x00000006da080000, 0x000000076ab00000)
  object space 426496K, 39% used [0x00000006c0000000,0x00000006ca2b02c0,0x00000006da080000)
 Metaspace       used 46601K, capacity 47025K, committed 47576K, reserved 1089536K
  class space    used 6406K, capacity 6563K, committed 6656K, reserved 1048576K
Event: 19.969 GC heap after
Heap after GC invocations=16 (full 3):
 PSYoungGen      total 1171456K, used 49727K [0x000000076ab00000, 0x00000007c0000000, 0x00000007c0000000)
  eden space 1073664K, 0% used [0x000000076ab00000,0x000000076ab00000,0x00000007ac380000)
  from space 97792K, 50% used [0x00000007ac380000,0x00000007af40ffc8,0x00000007b2300000)
  to   space 94720K, 0% used [0x00000007ba380000,0x00000007ba380000,0x00000007c0000000)
 ParOldGen       total 426496K, used 166600K [0x00000006c0000000, 0x00000006da080000, 0x000000076ab00000)
  object space 426496K, 39% used [0x00000006c0000000,0x00000006ca2b22c0,0x00000006da080000)
 Metaspace       used 46601K, capacity 47025K, committed 47576K, reserved 1089536K
  class space    used 6406K, capacity 6563K, committed 6656K, reserved 1048576K
}

