# JRE version: Java(TM) SE Runtime Environment (8.0_144-b01) (build 1.8.0_144-b01)
# Java VM: Java HotSpot(TM) Client VM (25.144-b01 mixed mode windows-x86 )
Heap:
 def new generation   total 314560K, used 5861K [0x04600000, 0x19b50000, 0x19b50000)
  eden space 279616K,   2% used [0x04600000, 0x04bb97e8, 0x15710000)
  from space 34944K,   0% used [0x17930000, 0x17930000, 0x19b50000)
  to   space 34944K,   0% used [0x15710000, 0x15710000, 0x17930000)
 tenured generation   total 699072K, used 552455K [0x19b50000, 0x44600000, 0x44600000)
   the space 699072K,  79% used [0x19b50000, 0x3b6d1fa8, 0x3b6d2000, 0x44600000)
 Metaspace       used 39211K, capacity 39549K, committed 39680K, reserved 40320K
GC Heap History (10 events):
Event: 1592.143 GC heap before
{Heap before GC invocations=659 (full 35):
 def new generation   total 314560K, used 303209K [0x04600000, 0x19b50000, 0x19b50000)
  eden space 279616K, 100% used [0x04600000, 0x15710000, 0x15710000)
  from space 34944K,  67% used [0x17930000, 0x1903a568, 0x19b50000)
  to   space 34944K,   0% used [0x15710000, 0x15710000, 0x17930000)
 tenured generation   total 699072K, used 591485K [0x19b50000, 0x44600000, 0x44600000)
   the space 699072K,  84% used [0x19b50000, 0x3dcef718, 0x3dcef800, 0x44600000)
 Metaspace       used 39189K, capacity 39517K, committed 39680K, reserved 40320K
Event: 1592.181 GC heap after
Heap after GC invocations=660 (full 35):
 def new generation   total 314560K, used 19887K [0x04600000, 0x19b50000, 0x19b50000)
  eden space 279616K,   0% used [0x04600000, 0x04600000, 0x15710000)
  from space 34944K,  56% used [0x15710000, 0x16a7beb0, 0x17930000)
  to   space 34944K,   0% used [0x17930000, 0x17930000, 0x19b50000)
 tenured generation   total 699072K, used 600097K [0x19b50000, 0x44600000, 0x44600000)
   the space 699072K,  85% used [0x19b50000, 0x3e558408, 0x3e558600, 0x44600000)
 Metaspace       used 39189K, capacity 39517K, committed 39680K, reserved 40320K
}
Event: 1594.313 GC heap before
{Heap before GC invocations=660 (full 35):
 def new generation   total 314560K, used 299503K [0x04600000, 0x19b50000, 0x19b50000)
  eden space 279616K, 100% used [0x04600000, 0x15710000, 0x15710000)
  from space 34944K,  56% used [0x15710000, 0x16a7beb0, 0x17930000)
  to   space 34944K,   0% used [0x17930000, 0x17930000, 0x19b50000)
 tenured generation   total 699072K, used 600097K [0x19b50000, 0x44600000, 0x44600000)
   the space 699072K,  85% used [0x19b50000, 0x3e558408, 0x3e558600, 0x44600000)
 Metaspace       used 39189K, capacity 39517K, committed 39680K, reserved 40320K
Event: 1594.351 GC heap after
Heap after GC invocations=661 (full 35):
 def new generation   total 314560K, used 17170K [0x04600000, 0x19b50000, 0x19b50000)
  eden space 279616K,   0% used [0x04600000, 0x04600000, 0x15710000)
  from space 34944K,  49% used [0x17930000, 0x189f4930, 0x19b50000)
  to   space 34944K,   0% used [0x15710000, 0x15710000, 0x17930000)
 tenured generation   total 699072K, used 611207K [0x19b50000, 0x44600000, 0x44600000)
   the space 699072K,  87% used [0x19b50000, 0x3f031c40, 0x3f031e00, 0x44600000)
 Metaspace       used 39189K, capacity 39517K, committed 39680K, reserved 40320K
}
Event: 1596.841 GC heap before
{Heap before GC invocations=661 (full 35):
 def new generation   total 314560K, used 296786K [0x04600000, 0x19b50000, 0x19b50000)
  eden space 279616K, 100% used [0x04600000, 0x15710000, 0x15710000)
  from space 34944K,  49% used [0x17930000, 0x189f4930, 0x19b50000)
  to   space 34944K,   0% used [0x15710000, 0x15710000, 0x17930000)
 tenured generation   total 699072K, used 611207K [0x19b50000, 0x44600000, 0x44600000)
   the space 699072K,  87% used [0x19b50000, 0x3f031c40, 0x3f031e00, 0x44600000)
 Metaspace       used 39189K, capacity 39517K, committed 39680K, reserved 40320K
Event: 1596.873 GC heap after
Heap after GC invocations=662 (full 35):
 def new generation   total 314560K, used 25323K [0x04600000, 0x19b50000, 0x19b50000)
  eden space 279616K,   0% used [0x04600000, 0x04600000, 0x15710000)
  from space 34944K,  72% used [0x15710000, 0x16fcae90, 0x17930000)
  to   space 34944K,   0% used [0x17930000, 0x17930000, 0x19b50000)
 tenured generation   total 699072K, used 611207K [0x19b50000, 0x44600000, 0x44600000)
   the space 699072K,  87% used [0x19b50000, 0x3f031c40, 0x3f031e00, 0x44600000)
 Metaspace       used 39189K, capacity 39517K, committed 39680K, reserved 40320K
}
Event: 1599.265 GC heap before
{Heap before GC invocations=662 (full 35):
 def new generation   total 314560K, used 304939K [0x04600000, 0x19b50000, 0x19b50000)
  eden space 279616K, 100% used [0x04600000, 0x15710000, 0x15710000)
  from space 34944K,  72% used [0x15710000, 0x16fcae90, 0x17930000)
  to   space 34944K,   0% used [0x17930000, 0x17930000, 0x19b50000)
 tenured generation   total 699072K, used 611207K [0x19b50000, 0x44600000, 0x44600000)
   the space 699072K,  87% used [0x19b50000, 0x3f031c40, 0x3f031e00, 0x44600000)
 Metaspace       used 39189K, capacity 39517K, committed 39680K, reserved 40320K
Event: 1599.303 GC heap after
Heap after GC invocations=663 (full 35):
 def new generation   total 314560K, used 16916K [0x04600000, 0x19b50000, 0x19b50000)
  eden space 279616K,   0% used [0x04600000, 0x04600000, 0x15710000)
  from space 34944K,  48% used [0x17930000, 0x189b5018, 0x19b50000)
  to   space 34944K,   0% used [0x15710000, 0x15710000, 0x17930000)
 tenured generation   total 699072K, used 626960K [0x19b50000, 0x44600000, 0x44600000)
   the space 699072K,  89% used [0x19b50000, 0x3ff94270, 0x3ff94400, 0x44600000)
 Metaspace       used 39189K, capacity 39517K, committed 39680K, reserved 40320K
}
Event: 1603.325 GC heap before
{Heap before GC invocations=663 (full 35):
 def new generation   total 314560K, used 267153K [0x04600000, 0x19b50000, 0x19b50000)
  eden space 279616K,  89% used [0x04600000, 0x13a5f438, 0x15710000)
  from space 34944K,  48% used [0x17930000, 0x189b5018, 0x19b50000)
  to   space 34944K,   0% used [0x15710000, 0x15710000, 0x17930000)
 tenured generation   total 699072K, used 626960K [0x19b50000, 0x44600000, 0x44600000)
   the space 699072K,  89% used [0x19b50000, 0x3ff94270, 0x3ff94400, 0x44600000)
 Metaspace       used 39211K, capacity 39549K, committed 39680K, reserved 40320K
Event: 1604.155 GC heap after
Heap after GC invocations=664 (full 36):
 def new generation   total 314560K, used 0K [0x04600000, 0x19b50000, 0x19b50000)
  eden space 279616K,   0% used [0x04600000, 0x04600000, 0x15710000)
  from space 34944K,   0% used [0x17930000, 0x17930000, 0x19b50000)
  to   space 34944K,   0% used [0x15710000, 0x15710000, 0x17930000)
 tenured generation   total 699072K, used 552455K [0x19b50000, 0x44600000, 0x44600000)
   the space 699072K,  79% used [0x19b50000, 0x3b6d1fa8, 0x3b6d2000, 0x44600000)
 Metaspace       used 39211K, capacity 39549K, committed 39680K, reserved 40320K
}

