# JRE version: Java(TM) SE Runtime Environment (8.0_144-b01) (build 1.8.0_144-b01)
# Java VM: Java HotSpot(TM) Client VM (25.144-b01 mixed mode windows-x86 )
Heap:
 def new generation   total 314560K, used 3056K [0x05400000, 0x1a950000, 0x1a950000)
  eden space 279616K,   1% used [0x05400000, 0x056fc068, 0x16510000)
  from space 34944K,   0% used [0x18730000, 0x18730000, 0x1a950000)
  to   space 34944K,   0% used [0x16510000, 0x16510000, 0x18730000)
 tenured generation   total 699072K, used 419229K [0x1a950000, 0x45400000, 0x45400000)
   the space 699072K,  59% used [0x1a950000, 0x342b7738, 0x342b7800, 0x45400000)
 Metaspace       used 37231K, capacity 37543K, committed 37632K, reserved 38272K
GC Heap History (10 events):
Event: 969.571 GC heap before
{Heap before GC invocations=330 (full 17):
 def new generation   total 314560K, used 298896K [0x05400000, 0x1a950000, 0x1a950000)
  eden space 279616K, 100% used [0x05400000, 0x16510000, 0x16510000)
  from space 34944K,  55% used [0x18730000, 0x19a04080, 0x1a950000)
  to   space 34944K,   0% used [0x16510000, 0x16510000, 0x18730000)
 tenured generation   total 699072K, used 527044K [0x1a950000, 0x45400000, 0x45400000)
   the space 699072K,  75% used [0x1a950000, 0x3ac01140, 0x3ac01200, 0x45400000)
 Metaspace       used 37205K, capacity 37511K, committed 37632K, reserved 38272K
Event: 969.642 GC heap after
Heap after GC invocations=331 (full 17):
 def new generation   total 314560K, used 30784K [0x05400000, 0x1a950000, 0x1a950000)
  eden space 279616K,   0% used [0x05400000, 0x05400000, 0x16510000)
  from space 34944K,  88% used [0x16510000, 0x18320000, 0x18730000)
  to   space 34944K,   0% used [0x18730000, 0x18730000, 0x1a950000)
 tenured generation   total 699072K, used 531284K [0x1a950000, 0x45400000, 0x45400000)
   the space 699072K,  75% used [0x1a950000, 0x3b025228, 0x3b025400, 0x45400000)
 Metaspace       used 37205K, capacity 37511K, committed 37632K, reserved 38272K
}
Event: 977.006 GC heap before
{Heap before GC invocations=331 (full 17):
 def new generation   total 314560K, used 310408K [0x05400000, 0x1a950000, 0x1a950000)
  eden space 279616K, 100% used [0x05400000, 0x16510000, 0x16510000)
  from space 34944K,  88% used [0x16510000, 0x18322010, 0x18730000)
  to   space 34944K,   0% used [0x18730000, 0x18730000, 0x1a950000)
 tenured generation   total 699072K, used 531284K [0x1a950000, 0x45400000, 0x45400000)
   the space 699072K,  75% used [0x1a950000, 0x3b025228, 0x3b025400, 0x45400000)
 Metaspace       used 37205K, capacity 37511K, committed 37632K, reserved 38272K
Event: 977.107 GC heap after
Heap after GC invocations=332 (full 17):
 def new generation   total 314560K, used 31326K [0x05400000, 0x1a950000, 0x1a950000)
  eden space 279616K,   0% used [0x05400000, 0x05400000, 0x16510000)
  from space 34944K,  89% used [0x18730000, 0x1a5c7b90, 0x1a950000)
  to   space 34944K,   0% used [0x16510000, 0x16510000, 0x18730000)
 tenured generation   total 699072K, used 542543K [0x1a950000, 0x45400000, 0x45400000)
   the space 699072K,  77% used [0x1a950000, 0x3bb23c10, 0x3bb23e00, 0x45400000)
 Metaspace       used 37205K, capacity 37511K, committed 37632K, reserved 38272K
}
Event: 981.617 GC heap before
{Heap before GC invocations=332 (full 17):
 def new generation   total 314560K, used 125908K [0x05400000, 0x1a950000, 0x1a950000)
  eden space 279616K,  33% used [0x05400000, 0x0b05d4d8, 0x16510000)
  from space 34944K,  89% used [0x18730000, 0x1a5c7b90, 0x1a950000)
  to   space 34944K,   0% used [0x16510000, 0x16510000, 0x18730000)
 tenured generation   total 699072K, used 542543K [0x1a950000, 0x45400000, 0x45400000)
   the space 699072K,  77% used [0x1a950000, 0x3bb23c10, 0x3bb23e00, 0x45400000)
 Metaspace       used 37216K, capacity 37511K, committed 37632K, reserved 38272K
Event: 982.188 GC heap after
Heap after GC invocations=333 (full 18):
 def new generation   total 314560K, used 0K [0x05400000, 0x1a950000, 0x1a950000)
  eden space 279616K,   0% used [0x05400000, 0x05400000, 0x16510000)
  from space 34944K,   0% used [0x18730000, 0x18730000, 0x1a950000)
  to   space 34944K,   0% used [0x16510000, 0x16510000, 0x18730000)
 tenured generation   total 699072K, used 451289K [0x1a950000, 0x45400000, 0x45400000)
   the space 699072K,  64% used [0x1a950000, 0x362064c8, 0x36206600, 0x45400000)
 Metaspace       used 37216K, capacity 37511K, committed 37632K, reserved 38272K
}
Event: 989.626 GC heap before
{Heap before GC invocations=333 (full 18):
 def new generation   total 314560K, used 29068K [0x05400000, 0x1a950000, 0x1a950000)
  eden space 279616K,  10% used [0x05400000, 0x070632a0, 0x16510000)
  from space 34944K,   0% used [0x18730000, 0x18730000, 0x1a950000)
  to   space 34944K,   0% used [0x16510000, 0x16510000, 0x18730000)
 tenured generation   total 699072K, used 451289K [0x1a950000, 0x45400000, 0x45400000)
   the space 699072K,  64% used [0x1a950000, 0x362064c8, 0x36206600, 0x45400000)
 Metaspace       used 37216K, capacity 37511K, committed 37632K, reserved 38272K
Event: 990.116 GC heap after
Heap after GC invocations=334 (full 19):
 def new generation   total 314560K, used 0K [0x05400000, 0x1a950000, 0x1a950000)
  eden space 279616K,   0% used [0x05400000, 0x05400000, 0x16510000)
  from space 34944K,   0% used [0x18730000, 0x18730000, 0x1a950000)
  to   space 34944K,   0% used [0x16510000, 0x16510000, 0x18730000)
 tenured generation   total 699072K, used 454178K [0x1a950000, 0x45400000, 0x45400000)
   the space 699072K,  64% used [0x1a950000, 0x364d8be0, 0x364d8c00, 0x45400000)
 Metaspace       used 37216K, capacity 37511K, committed 37632K, reserved 38272K
}
Event: 990.117 GC heap before
{Heap before GC invocations=334 (full 19):
 def new generation   total 314560K, used 186K [0x05400000, 0x1a950000, 0x1a950000)
  eden space 279616K,   0% used [0x05400000, 0x0542e870, 0x16510000)
  from space 34944K,   0% used [0x18730000, 0x18730000, 0x1a950000)
  to   space 34944K,   0% used [0x16510000, 0x16510000, 0x18730000)
 tenured generation   total 699072K, used 454178K [0x1a950000, 0x45400000, 0x45400000)
   the space 699072K,  64% used [0x1a950000, 0x364d8be0, 0x364d8c00, 0x45400000)
 Metaspace       used 37216K, capacity 37511K, committed 37632K, reserved 38272K
Event: 990.764 GC heap after
Heap after GC invocations=335 (full 20):
 def new generation   total 314560K, used 0K [0x05400000, 0x1a950000, 0x1a950000)
  eden space 279616K,   0% used [0x05400000, 0x05400000, 0x16510000)
  from space 34944K,   0% used [0x18730000, 0x18730000, 0x1a950000)
  to   space 34944K,   0% used [0x16510000, 0x16510000, 0x18730000)
 tenured generation   total 699072K, used 419229K [0x1a950000, 0x45400000, 0x45400000)
   the space 699072K,  59% used [0x1a950000, 0x342b7738, 0x342b7800, 0x45400000)
 Metaspace       used 37216K, capacity 37511K, committed 37632K, reserved 38272K
}

