# JRE version: Java(TM) SE Runtime Environment (8.0_144-b01) (build 1.8.0_144-b01)
# Java VM: Java HotSpot(TM) Client VM (25.144-b01 mixed mode windows-x86 )
Heap:
 def new generation   total 250048K, used 4961K [0x04600000, 0x15550000, 0x15550000)
  eden space 222272K,   2% used [0x04600000, 0x04ad8780, 0x11f10000)
  from space 27776K,   0% used [0x11f10000, 0x11f10000, 0x13a30000)
  to   space 27776K,   0% used [0x13a30000, 0x13a30000, 0x15550000)
 tenured generation   total 555712K, used 460806K [0x15550000, 0x37400000, 0x37400000)
   the space 555712K,  82% used [0x15550000, 0x31751918, 0x31751a00, 0x37400000)
 Metaspace       used 37093K, capacity 37425K, committed 37504K, reserved 38272K
GC Heap History (10 events):
Event: 2822.608 GC heap before
{Heap before GC invocations=630 (full 111):
 def new generation   total 250048K, used 246456K [0x04600000, 0x15550000, 0x15550000)
  eden space 222272K, 100% used [0x04600000, 0x11f10000, 0x11f10000)
  from space 27776K,  87% used [0x11f10000, 0x136ae060, 0x13a30000)
  to   space 27776K,   0% used [0x13a30000, 0x13a30000, 0x15550000)
 tenured generation   total 555712K, used 526233K [0x15550000, 0x37400000, 0x37400000)
   the space 555712K,  94% used [0x15550000, 0x357366e8, 0x35736800, 0x37400000)
 Metaspace       used 37085K, capacity 37393K, committed 37504K, reserved 38272K
Event: 2822.696 GC heap after
Heap after GC invocations=631 (full 111):
 def new generation   total 250048K, used 27776K [0x04600000, 0x15550000, 0x15550000)
  eden space 222272K,   0% used [0x04600000, 0x04600000, 0x11f10000)
  from space 27776K, 100% used [0x13a30000, 0x15550000, 0x15550000)
  to   space 27776K,   0% used [0x11f10000, 0x11f10000, 0x13a30000)
 tenured generation   total 555712K, used 542251K [0x15550000, 0x37400000, 0x37400000)
   the space 555712K,  97% used [0x15550000, 0x366daf28, 0x366db000, 0x37400000)
 Metaspace       used 37085K, capacity 37393K, committed 37504K, reserved 38272K
}
Event: 2826.133 GC heap before
{Heap before GC invocations=631 (full 111):
 def new generation   total 250048K, used 250048K [0x04600000, 0x15550000, 0x15550000)
  eden space 222272K, 100% used [0x04600000, 0x11f10000, 0x11f10000)
  from space 27776K, 100% used [0x13a30000, 0x15550000, 0x15550000)
  to   space 27776K,   0% used [0x11f10000, 0x11f10000, 0x13a30000)
 tenured generation   total 555712K, used 542252K [0x15550000, 0x37400000, 0x37400000)
   the space 555712K,  97% used [0x15550000, 0x366db098, 0x366db200, 0x37400000)
 Metaspace       used 37085K, capacity 37393K, committed 37504K, reserved 38272K
Event: 2826.133 GC heap after
Heap after GC invocations=632 (full 111):
 def new generation   total 250048K, used 250048K [0x04600000, 0x15550000, 0x15550000)
  eden space 222272K, 100% used [0x04600000, 0x11f10000, 0x11f10000)
  from space 27776K, 100% used [0x13a30000, 0x15550000, 0x15550000)
  to   space 27776K,   0% used [0x11f10000, 0x11f10000, 0x13a30000)
 tenured generation   total 555712K, used 542252K [0x15550000, 0x37400000, 0x37400000)
   the space 555712K,  97% used [0x15550000, 0x366db098, 0x366db200, 0x37400000)
 Metaspace       used 37085K, capacity 37393K, committed 37504K, reserved 38272K
}
Event: 2826.133 GC heap before
{Heap before GC invocations=632 (full 111):
 def new generation   total 250048K, used 250048K [0x04600000, 0x15550000, 0x15550000)
  eden space 222272K, 100% used [0x04600000, 0x11f10000, 0x11f10000)
  from space 27776K, 100% used [0x13a30000, 0x15550000, 0x15550000)
  to   space 27776K,   0% used [0x11f10000, 0x11f10000, 0x13a30000)
 tenured generation   total 555712K, used 542252K [0x15550000, 0x37400000, 0x37400000)
   the space 555712K,  97% used [0x15550000, 0x366db098, 0x366db200, 0x37400000)
 Metaspace       used 37085K, capacity 37393K, committed 37504K, reserved 38272K
Event: 2826.755 GC heap after
Heap after GC invocations=633 (full 112):
 def new generation   total 250048K, used 0K [0x04600000, 0x15550000, 0x15550000)
  eden space 222272K,   0% used [0x04600000, 0x04600000, 0x11f10000)
  from space 27776K,   0% used [0x13a30000, 0x13a30000, 0x15550000)
  to   space 27776K,   0% used [0x11f10000, 0x11f10000, 0x13a30000)
 tenured generation   total 555712K, used 456061K [0x15550000, 0x37400000, 0x37400000)
   the space 555712K,  82% used [0x15550000, 0x312af6b8, 0x312af800, 0x37400000)
 Metaspace       used 37085K, capacity 37393K, committed 37504K, reserved 38272K
}
Event: 2829.702 GC heap before
{Heap before GC invocations=633 (full 112):
 def new generation   total 250048K, used 222272K [0x04600000, 0x15550000, 0x15550000)
  eden space 222272K, 100% used [0x04600000, 0x11f10000, 0x11f10000)
  from space 27776K,   0% used [0x13a30000, 0x13a30000, 0x15550000)
  to   space 27776K,   0% used [0x11f10000, 0x11f10000, 0x13a30000)
 tenured generation   total 555712K, used 456061K [0x15550000, 0x37400000, 0x37400000)
   the space 555712K,  82% used [0x15550000, 0x312af6b8, 0x312af800, 0x37400000)
 Metaspace       used 37085K, capacity 37393K, committed 37504K, reserved 38272K
Event: 2829.734 GC heap after
Heap after GC invocations=634 (full 112):
 def new generation   total 250048K, used 11776K [0x04600000, 0x15550000, 0x15550000)
  eden space 222272K,   0% used [0x04600000, 0x04600000, 0x11f10000)
  from space 27776K,  42% used [0x11f10000, 0x12a901e8, 0x13a30000)
  to   space 27776K,   0% used [0x13a30000, 0x13a30000, 0x15550000)
 tenured generation   total 555712K, used 456061K [0x15550000, 0x37400000, 0x37400000)
   the space 555712K,  82% used [0x15550000, 0x312af6b8, 0x312af800, 0x37400000)
 Metaspace       used 37085K, capacity 37393K, committed 37504K, reserved 38272K
}
Event: 2833.104 GC heap before
{Heap before GC invocations=634 (full 112):
 def new generation   total 250048K, used 120693K [0x04600000, 0x15550000, 0x15550000)
  eden space 222272K,  49% used [0x04600000, 0x0b05d560, 0x11f10000)
  from space 27776K,  42% used [0x11f10000, 0x12a901e8, 0x13a30000)
  to   space 27776K,   0% used [0x13a30000, 0x13a30000, 0x15550000)
 tenured generation   total 555712K, used 456061K [0x15550000, 0x37400000, 0x37400000)
   the space 555712K,  82% used [0x15550000, 0x312af6b8, 0x312af800, 0x37400000)
 Metaspace       used 37093K, capacity 37425K, committed 37504K, reserved 38272K
Event: 2833.566 GC heap after
Heap after GC invocations=635 (full 113):
 def new generation   total 250048K, used 0K [0x04600000, 0x15550000, 0x15550000)
  eden space 222272K,   0% used [0x04600000, 0x04600000, 0x11f10000)
  from space 27776K,   0% used [0x11f10000, 0x11f10000, 0x13a30000)
  to   space 27776K,   0% used [0x13a30000, 0x13a30000, 0x15550000)
 tenured generation   total 555712K, used 460806K [0x15550000, 0x37400000, 0x37400000)
   the space 555712K,  82% used [0x15550000, 0x31751918, 0x31751a00, 0x37400000)
 Metaspace       used 37093K, capacity 37425K, committed 37504K, reserved 38272K
}

