# JRE version: Java(TM) SE Runtime Environment (8.0_144-b01) (build 1.8.0_144-b01)
# Java VM: Java HotSpot(TM) Client VM (25.144-b01 mixed mode windows-x86 )
Heap:
 def new generation   total 249408K, used 175497K [0x04e00000, 0x15ca0000, 0x15ca0000)
  eden space 221696K,  67% used [0x04e00000, 0x0e12fb10, 0x12680000)
  from space 27712K,  89% used [0x12680000, 0x13eb29a0, 0x14190000)
  to   space 27712K,   0% used [0x14190000, 0x14190000, 0x15ca0000)
 tenured generation   total 554368K, used 500716K [0x15ca0000, 0x37a00000, 0x37a00000)
   the space 554368K,  90% used [0x15ca0000, 0x3459b038, 0x3459b200, 0x37a00000)
 Metaspace       used 36911K, capacity 37220K, committed 37376K, reserved 38272K
GC Heap History (10 events):
Event: 627.952 GC heap before
{Heap before GC invocations=415 (full 56):
 def new generation   total 249408K, used 221696K [0x04e00000, 0x15ca0000, 0x15ca0000)
  eden space 221696K, 100% used [0x04e00000, 0x12680000, 0x12680000)
  from space 27712K,   0% used [0x14190000, 0x14190000, 0x15ca0000)
  to   space 27712K,   0% used [0x12680000, 0x12680000, 0x14190000)
 tenured generation   total 554368K, used 459872K [0x15ca0000, 0x37a00000, 0x37a00000)
   the space 554368K,  82% used [0x15ca0000, 0x31db82c8, 0x31db8400, 0x37a00000)
 Metaspace       used 36900K, capacity 37217K, committed 37376K, reserved 38272K
Event: 627.984 GC heap after
Heap after GC invocations=416 (full 56):
 def new generation   total 249408K, used 17704K [0x04e00000, 0x15ca0000, 0x15ca0000)
  eden space 221696K,   0% used [0x04e00000, 0x04e00000, 0x12680000)
  from space 27712K,  63% used [0x12680000, 0x137ca218, 0x14190000)
  to   space 27712K,   0% used [0x14190000, 0x14190000, 0x15ca0000)
 tenured generation   total 554368K, used 459872K [0x15ca0000, 0x37a00000, 0x37a00000)
   the space 554368K,  82% used [0x15ca0000, 0x31db82c8, 0x31db8400, 0x37a00000)
 Metaspace       used 36900K, capacity 37217K, committed 37376K, reserved 38272K
}
Event: 630.142 GC heap before
{Heap before GC invocations=416 (full 56):
 def new generation   total 249408K, used 239400K [0x04e00000, 0x15ca0000, 0x15ca0000)
  eden space 221696K, 100% used [0x04e00000, 0x12680000, 0x12680000)
  from space 27712K,  63% used [0x12680000, 0x137ca218, 0x14190000)
  to   space 27712K,   0% used [0x14190000, 0x14190000, 0x15ca0000)
 tenured generation   total 554368K, used 459872K [0x15ca0000, 0x37a00000, 0x37a00000)
   the space 554368K,  82% used [0x15ca0000, 0x31db82c8, 0x31db8400, 0x37a00000)
 Metaspace       used 36900K, capacity 37217K, committed 37376K, reserved 38272K
Event: 630.177 GC heap after
Heap after GC invocations=417 (full 56):
 def new generation   total 249408K, used 11764K [0x04e00000, 0x15ca0000, 0x15ca0000)
  eden space 221696K,   0% used [0x04e00000, 0x04e00000, 0x12680000)
  from space 27712K,  42% used [0x14190000, 0x14d0d098, 0x15ca0000)
  to   space 27712K,   0% used [0x12680000, 0x12680000, 0x14190000)
 tenured generation   total 554368K, used 476088K [0x15ca0000, 0x37a00000, 0x37a00000)
   the space 554368K,  85% used [0x15ca0000, 0x32d8e178, 0x32d8e200, 0x37a00000)
 Metaspace       used 36900K, capacity 37217K, committed 37376K, reserved 38272K
}
Event: 632.105 GC heap before
{Heap before GC invocations=417 (full 56):
 def new generation   total 249408K, used 233460K [0x04e00000, 0x15ca0000, 0x15ca0000)
  eden space 221696K, 100% used [0x04e00000, 0x12680000, 0x12680000)
  from space 27712K,  42% used [0x14190000, 0x14d0d098, 0x15ca0000)
  to   space 27712K,   0% used [0x12680000, 0x12680000, 0x14190000)
 tenured generation   total 554368K, used 476088K [0x15ca0000, 0x37a00000, 0x37a00000)
   the space 554368K,  85% used [0x15ca0000, 0x32d8e178, 0x32d8e200, 0x37a00000)
 Metaspace       used 36909K, capacity 37217K, committed 37376K, reserved 38272K
Event: 632.140 GC heap after
Heap after GC invocations=418 (full 56):
 def new generation   total 249408K, used 25204K [0x04e00000, 0x15ca0000, 0x15ca0000)
  eden space 221696K,   0% used [0x04e00000, 0x04e00000, 0x12680000)
  from space 27712K,  90% used [0x12680000, 0x13f1d160, 0x14190000)
  to   space 27712K,   0% used [0x14190000, 0x14190000, 0x15ca0000)
 tenured generation   total 554368K, used 476088K [0x15ca0000, 0x37a00000, 0x37a00000)
   the space 554368K,  85% used [0x15ca0000, 0x32d8e178, 0x32d8e200, 0x37a00000)
 Metaspace       used 36909K, capacity 37217K, committed 37376K, reserved 38272K
}
Event: 634.051 GC heap before
{Heap before GC invocations=418 (full 56):
 def new generation   total 249408K, used 246900K [0x04e00000, 0x15ca0000, 0x15ca0000)
  eden space 221696K, 100% used [0x04e00000, 0x12680000, 0x12680000)
  from space 27712K,  90% used [0x12680000, 0x13f1d160, 0x14190000)
  to   space 27712K,   0% used [0x14190000, 0x14190000, 0x15ca0000)
 tenured generation   total 554368K, used 476088K [0x15ca0000, 0x37a00000, 0x37a00000)
   the space 554368K,  85% used [0x15ca0000, 0x32d8e178, 0x32d8e200, 0x37a00000)
 Metaspace       used 36911K, capacity 37220K, committed 37376K, reserved 38272K
Event: 634.096 GC heap after
Heap after GC invocations=419 (full 56):
 def new generation   total 249408K, used 13528K [0x04e00000, 0x15ca0000, 0x15ca0000)
  eden space 221696K,   0% used [0x04e00000, 0x04e00000, 0x12680000)
  from space 27712K,  48% used [0x14190000, 0x14ec61c8, 0x15ca0000)
  to   space 27712K,   0% used [0x12680000, 0x12680000, 0x14190000)
 tenured generation   total 554368K, used 500716K [0x15ca0000, 0x37a00000, 0x37a00000)
   the space 554368K,  90% used [0x15ca0000, 0x3459b038, 0x3459b200, 0x37a00000)
 Metaspace       used 36911K, capacity 37220K, committed 37376K, reserved 38272K
}
Event: 635.811 GC heap before
{Heap before GC invocations=419 (full 56):
 def new generation   total 249408K, used 235224K [0x04e00000, 0x15ca0000, 0x15ca0000)
  eden space 221696K, 100% used [0x04e00000, 0x12680000, 0x12680000)
  from space 27712K,  48% used [0x14190000, 0x14ec61c8, 0x15ca0000)
  to   space 27712K,   0% used [0x12680000, 0x12680000, 0x14190000)
 tenured generation   total 554368K, used 500716K [0x15ca0000, 0x37a00000, 0x37a00000)
   the space 554368K,  90% used [0x15ca0000, 0x3459b038, 0x3459b200, 0x37a00000)
 Metaspace       used 36911K, capacity 37220K, committed 37376K, reserved 38272K
Event: 635.841 GC heap after
Heap after GC invocations=420 (full 56):
 def new generation   total 249408K, used 24778K [0x04e00000, 0x15ca0000, 0x15ca0000)
  eden space 221696K,   0% used [0x04e00000, 0x04e00000, 0x12680000)
  from space 27712K,  89% used [0x12680000, 0x13eb29a0, 0x14190000)
  to   space 27712K,   0% used [0x14190000, 0x14190000, 0x15ca0000)
 tenured generation   total 554368K, used 500716K [0x15ca0000, 0x37a00000, 0x37a00000)
   the space 554368K,  90% used [0x15ca0000, 0x3459b038, 0x3459b200, 0x37a00000)
 Metaspace       used 36911K, capacity 37220K, committed 37376K, reserved 38272K
}

